#
# There is insufficient memory for the Java Runtime Environment to continue.
# Native memory allocation (malloc) failed to allocate 32744 bytes for ChunkPool::allocate
# Possible reasons:
#   The system is out of physical RAM or swap space
#   The process is running with CompressedOops enabled, and the Java Heap may be blocking the growth of the native heap
# Possible solutions:
#   Reduce memory load on the system
#   Increase physical memory or swap space
#   Check if swap backing store is full
#   Decrease Java heap size (-Xmx/-Xms)
#   Decrease number of Java threads
#   Decrease Java thread stack sizes (-Xss)
#   Set larger code cache with -XX:ReservedCodeCacheSize=
#   JVM is running with Unscaled Compressed Oops mode in which the Java heap is
#     placed in the first 4GB address space. The Java Heap base address is the
#     maximum limit for the native heap growth. Please use -XX:HeapBaseMinAddress
#     to set the Java Heap base and to place the Java Heap above 4GB virtual address.
# This output file may be truncated or incomplete.
#
#  Out of Memory Error (./src/hotspot/share/memory/arena.cpp:81), pid=19524, tid=25052
#
# JRE version: OpenJDK Runtime Environment (11.0.11+9) (build 11.0.11+9-b60-7590822)
# Java VM: OpenJDK 64-Bit Server VM (11.0.11+9-b60-7590822, mixed mode, tiered, compressed oops, g1 gc, windows-amd64)
# No core dump will be written. Minidumps are not enabled by default on client versions of Windows
#

---------------  S U M M A R Y ------------

Command Line: org.jetbrains.git4idea.http.GitAskPassApp Username for 'https://github.com': 

Host: Intel(R) Core(TM) i5-7200U CPU @ 2.50GHz, 4 cores, 7G,  Windows 10 , 64 bit Build 19041 (10.0.19041.1645)
Time: Fri May 13 23:21:45 2022 대한민국 표준시 elapsed time: 0.206279 seconds (0d 0h 0m 0s)

---------------  T H R E A D  ---------------

Current thread (0x0000025fe740c800):  JavaThread "main" [_thread_in_vm, id=25052, stack(0x000000f9e6600000,0x000000f9e6700000)]

Stack: [0x000000f9e6600000,0x000000f9e6700000]
Native frames: (J=compiled Java code, j=interpreted, Vv=VM code, C=native code)
V  [jvm.dll+0x5f214a]
V  [jvm.dll+0x726fb5]
V  [jvm.dll+0x7285cd]
V  [jvm.dll+0x728c83]
V  [jvm.dll+0x243278]
V  [jvm.dll+0xbc78b]
V  [jvm.dll+0xbca3c]
V  [jvm.dll+0x2483b5]
V  [jvm.dll+0x24ad96]
V  [jvm.dll+0x24a72e]
V  [jvm.dll+0x249d3e]
V  [jvm.dll+0x249b06]
V  [jvm.dll+0x1bc90c]
V  [jvm.dll+0x1bc35a]
V  [jvm.dll+0x4cb0fd]
V  [jvm.dll+0x1cbe2d]
V  [jvm.dll+0x6c3eb4]
V  [jvm.dll+0x6c52e8]
V  [jvm.dll+0x6c5705]
V  [jvm.dll+0x6c5513]
V  [jvm.dll+0x23d1e7]
V  [jvm.dll+0x17a163]
V  [jvm.dll+0x36c0c4]
C  0x0000025feaf2ea13

Java frames: (J=compiled Java code, j=interpreted, Vv=VM code)
j  java.util.stream.StreamOpFlag.set(Ljava/util/stream/StreamOpFlag$Type;)Ljava/util/stream/StreamOpFlag$MaskBuilder;+4 java.base@11.0.11
j  java.util.stream.StreamOpFlag.<clinit>()V+11 java.base@11.0.11
v  ~StubRoutines::call_stub
j  java.util.stream.StreamSupport.stream(Ljava/util/Spliterator;Z)Ljava/util/stream/Stream;+11 java.base@11.0.11
j  java.util.Collection.stream()Ljava/util/stream/Stream;+7 java.base@11.0.11
j  java.lang.ModuleLayer.layers(Ljava/lang/ClassLoader;)Ljava/util/stream/Stream;+16 java.base@11.0.11
j  java.lang.System$2.layers(Ljava/lang/ClassLoader;)Ljava/util/stream/Stream;+1 java.base@11.0.11
j  java.util.ServiceLoader$ModuleServicesLookupIterator.iteratorFor(Ljava/lang/ClassLoader;)Ljava/util/Iterator;+75 java.base@11.0.11
j  java.util.ServiceLoader$ModuleServicesLookupIterator.<init>(Ljava/util/ServiceLoader;)V+23 java.base@11.0.11
j  java.util.ServiceLoader.newLookupIterator()Ljava/util/Iterator;+49 java.base@11.0.11
j  java.util.ServiceLoader.iterator()Ljava/util/Iterator;+9 java.base@11.0.11
j  java.net.URL$1.<init>()V+29 java.base@11.0.11
j  java.net.URL.providers()Ljava/util/Iterator;+4 java.base@11.0.11
j  java.net.URL$2.run()Ljava/net/URLStreamHandler;+0 java.base@11.0.11
j  java.net.URL$2.run()Ljava/lang/Object;+1 java.base@11.0.11
v  ~StubRoutines::call_stub
j  java.security.AccessController.doPrivileged(Ljava/security/PrivilegedAction;)Ljava/lang/Object;+0 java.base@11.0.11
j  java.net.URL.lookupViaProviders(Ljava/lang/String;)Ljava/net/URLStreamHandler;+36 java.base@11.0.11
j  java.net.URL.getURLStreamHandler(Ljava/lang/String;)Ljava/net/URLStreamHandler;+68 java.base@11.0.11
j  java.net.URL.<init>(Ljava/lang/String;Ljava/lang/String;ILjava/lang/String;Ljava/net/URLStreamHandler;)V+317 java.base@11.0.11
j  java.net.URL.<init>(Ljava/lang/String;Ljava/lang/String;ILjava/lang/String;)V+7 java.base@11.0.11
j  org.jetbrains.git4idea.GitAppUtil.sendXmlRequest(Ljava/lang/String;Ljava/lang/String;I[Ljava/lang/Object;)Ljava/lang/Object;+11
j  org.jetbrains.git4idea.http.GitAskPassApp.main([Ljava/lang/String;)V+53
v  ~StubRoutines::call_stub

---------------  P R O C E S S  ---------------

Threads class SMR info:
_java_thread_list=0x0000025fff8ada90, length=10, elements={
0x0000025fe740c800, 0x0000025ffeec5000, 0x0000025ffeec6800, 0x0000025ffeef6000,
0x0000025ffeef7000, 0x0000025ffeef9800, 0x0000025ffeefd000, 0x0000025ffef04000,
0x0000025ffef05800, 0x0000025fff8c9000
}

Java Threads: ( => current thread )
=>0x0000025fe740c800 JavaThread "main" [_thread_in_vm, id=25052, stack(0x000000f9e6600000,0x000000f9e6700000)]
  0x0000025ffeec5000 JavaThread "Reference Handler" daemon [_thread_blocked, id=6480, stack(0x000000f9e6d00000,0x000000f9e6e00000)]
  0x0000025ffeec6800 JavaThread "Finalizer" daemon [_thread_blocked, id=19204, stack(0x000000f9e6e00000,0x000000f9e6f00000)]
  0x0000025ffeef6000 JavaThread "Signal Dispatcher" daemon [_thread_blocked, id=12160, stack(0x000000f9e6f00000,0x000000f9e7000000)]
  0x0000025ffeef7000 JavaThread "Attach Listener" daemon [_thread_blocked, id=13648, stack(0x000000f9e7000000,0x000000f9e7100000)]
  0x0000025ffeef9800 JavaThread "Service Thread" daemon [_thread_blocked, id=2712, stack(0x000000f9e7100000,0x000000f9e7200000)]
  0x0000025ffeefd000 JavaThread "C2 CompilerThread0" daemon [_thread_blocked, id=24488, stack(0x000000f9e7200000,0x000000f9e7300000)]
  0x0000025ffef04000 JavaThread "C1 CompilerThread0" daemon [_thread_blocked, id=19812, stack(0x000000f9e7300000,0x000000f9e7400000)]
  0x0000025ffef05800 JavaThread "Sweeper thread" daemon [_thread_blocked, id=6604, stack(0x000000f9e7400000,0x000000f9e7500000)]
  0x0000025fff8c9000 JavaThread "Common-Cleaner" daemon [_thread_blocked, id=18444, stack(0x000000f9e7600000,0x000000f9e7700000)]

Other Threads:
  0x0000025ffeea0000 VMThread "VM Thread" [stack: 0x000000f9e6c00000,0x000000f9e6d00000] [id=8220]
  0x0000025fff8b6800 WatcherThread [stack: 0x000000f9e7500000,0x000000f9e7600000] [id=13848]
  0x0000025fe7425000 GCTaskThread "GC Thread#0" [stack: 0x000000f9e6700000,0x000000f9e6800000] [id=17912]
  0x0000025fe7456800 ConcurrentGCThread "G1 Main Marker" [stack: 0x000000f9e6800000,0x000000f9e6900000] [id=11680]
  0x0000025fe7459800 ConcurrentGCThread "G1 Conc#0" [stack: 0x000000f9e6900000,0x000000f9e6a00000] [id=17852]
  0x0000025fe74e7800 ConcurrentGCThread "G1 Refine#0" [stack: 0x000000f9e6a00000,0x000000f9e6b00000] [id=12272]
  0x0000025fe74e8800 ConcurrentGCThread "G1 Young RemSet Sampling" [stack: 0x000000f9e6b00000,0x000000f9e6c00000] [id=7404]

Threads with active compile tasks:

VM state:not at safepoint (normal execution)

VM Mutex/Monitor currently owned by a thread: None

Heap address: 0x0000000082200000, size: 2014 MB, Compressed Oops mode: 32-bit
Narrow klass base: 0x0000000000000000, Narrow klass shift: 3
Compressed class space size: 1073741824 Address: 0x0000000100000000

Heap:
 garbage-first heap   total 129024K, used 1024K [0x0000000082200000, 0x0000000100000000)
  region size 1024K, 2 young (2048K), 0 survivors (0K)
 Metaspace       used 5946K, capacity 6026K, committed 6272K, reserved 1056768K
  class space    used 513K, capacity 537K, committed 640K, reserved 1048576K
Heap Regions: E=young(eden), S=young(survivor), O=old, HS=humongous(starts), HC=humongous(continues), CS=collection set, F=free, A=archive, TAMS=top-at-mark-start (previous, next)
|   0|0x0000000082200000, 0x0000000082200000, 0x0000000082300000|  0%| F|  |TAMS 0x0000000082200000, 0x0000000082200000| Untracked 
|   1|0x0000000082300000, 0x0000000082300000, 0x0000000082400000|  0%| F|  |TAMS 0x0000000082300000, 0x0000000082300000| Untracked 
|   2|0x0000000082400000, 0x0000000082400000, 0x0000000082500000|  0%| F|  |TAMS 0x0000000082400000, 0x0000000082400000| Untracked 
|   3|0x0000000082500000, 0x0000000082500000, 0x0000000082600000|  0%| F|  |TAMS 0x0000000082500000, 0x0000000082500000| Untracked 
|   4|0x0000000082600000, 0x0000000082600000, 0x0000000082700000|  0%| F|  |TAMS 0x0000000082600000, 0x0000000082600000| Untracked 
|   5|0x0000000082700000, 0x0000000082700000, 0x0000000082800000|  0%| F|  |TAMS 0x0000000082700000, 0x0000000082700000| Untracked 
|   6|0x0000000082800000, 0x0000000082800000, 0x0000000082900000|  0%| F|  |TAMS 0x0000000082800000, 0x0000000082800000| Untracked 
|   7|0x0000000082900000, 0x0000000082900000, 0x0000000082a00000|  0%| F|  |TAMS 0x0000000082900000, 0x0000000082900000| Untracked 
|   8|0x0000000082a00000, 0x0000000082a00000, 0x0000000082b00000|  0%| F|  |TAMS 0x0000000082a00000, 0x0000000082a00000| Untracked 
|   9|0x0000000082b00000, 0x0000000082b00000, 0x0000000082c00000|  0%| F|  |TAMS 0x0000000082b00000, 0x0000000082b00000| Untracked 
|  10|0x0000000082c00000, 0x0000000082c00000, 0x0000000082d00000|  0%| F|  |TAMS 0x0000000082c00000, 0x0000000082c00000| Untracked 
|  11|0x0000000082d00000, 0x0000000082d00000, 0x0000000082e00000|  0%| F|  |TAMS 0x0000000082d00000, 0x0000000082d00000| Untracked 
|  12|0x0000000082e00000, 0x0000000082e00000, 0x0000000082f00000|  0%| F|  |TAMS 0x0000000082e00000, 0x0000000082e00000| Untracked 
|  13|0x0000000082f00000, 0x0000000082f00000, 0x0000000083000000|  0%| F|  |TAMS 0x0000000082f00000, 0x0000000082f00000| Untracked 
|  14|0x0000000083000000, 0x0000000083000000, 0x0000000083100000|  0%| F|  |TAMS 0x0000000083000000, 0x0000000083000000| Untracked 
|  15|0x0000000083100000, 0x0000000083100000, 0x0000000083200000|  0%| F|  |TAMS 0x0000000083100000, 0x0000000083100000| Untracked 
|  16|0x0000000083200000, 0x0000000083200000, 0x0000000083300000|  0%| F|  |TAMS 0x0000000083200000, 0x0000000083200000| Untracked 
|  17|0x0000000083300000, 0x0000000083300000, 0x0000000083400000|  0%| F|  |TAMS 0x0000000083300000, 0x0000000083300000| Untracked 
|  18|0x0000000083400000, 0x0000000083400000, 0x0000000083500000|  0%| F|  |TAMS 0x0000000083400000, 0x0000000083400000| Untracked 
|  19|0x0000000083500000, 0x0000000083500000, 0x0000000083600000|  0%| F|  |TAMS 0x0000000083500000, 0x0000000083500000| Untracked 
|  20|0x0000000083600000, 0x0000000083600000, 0x0000000083700000|  0%| F|  |TAMS 0x0000000083600000, 0x0000000083600000| Untracked 
|  21|0x0000000083700000, 0x0000000083700000, 0x0000000083800000|  0%| F|  |TAMS 0x0000000083700000, 0x0000000083700000| Untracked 
|  22|0x0000000083800000, 0x0000000083800000, 0x0000000083900000|  0%| F|  |TAMS 0x0000000083800000, 0x0000000083800000| Untracked 
|  23|0x0000000083900000, 0x0000000083900000, 0x0000000083a00000|  0%| F|  |TAMS 0x0000000083900000, 0x0000000083900000| Untracked 
|  24|0x0000000083a00000, 0x0000000083a00000, 0x0000000083b00000|  0%| F|  |TAMS 0x0000000083a00000, 0x0000000083a00000| Untracked 
|  25|0x0000000083b00000, 0x0000000083b00000, 0x0000000083c00000|  0%| F|  |TAMS 0x0000000083b00000, 0x0000000083b00000| Untracked 
|  26|0x0000000083c00000, 0x0000000083c00000, 0x0000000083d00000|  0%| F|  |TAMS 0x0000000083c00000, 0x0000000083c00000| Untracked 
|  27|0x0000000083d00000, 0x0000000083d00000, 0x0000000083e00000|  0%| F|  |TAMS 0x0000000083d00000, 0x0000000083d00000| Untracked 
|  28|0x0000000083e00000, 0x0000000083e00000, 0x0000000083f00000|  0%| F|  |TAMS 0x0000000083e00000, 0x0000000083e00000| Untracked 
|  29|0x0000000083f00000, 0x0000000083f00000, 0x0000000084000000|  0%| F|  |TAMS 0x0000000083f00000, 0x0000000083f00000| Untracked 
|  30|0x0000000084000000, 0x0000000084000000, 0x0000000084100000|  0%| F|  |TAMS 0x0000000084000000, 0x0000000084000000| Untracked 
|  31|0x0000000084100000, 0x0000000084100000, 0x0000000084200000|  0%| F|  |TAMS 0x0000000084100000, 0x0000000084100000| Untracked 
|  32|0x0000000084200000, 0x0000000084200000, 0x0000000084300000|  0%| F|  |TAMS 0x0000000084200000, 0x0000000084200000| Untracked 
|  33|0x0000000084300000, 0x0000000084300000, 0x0000000084400000|  0%| F|  |TAMS 0x0000000084300000, 0x0000000084300000| Untracked 
|  34|0x0000000084400000, 0x0000000084400000, 0x0000000084500000|  0%| F|  |TAMS 0x0000000084400000, 0x0000000084400000| Untracked 
|  35|0x0000000084500000, 0x0000000084500000, 0x0000000084600000|  0%| F|  |TAMS 0x0000000084500000, 0x0000000084500000| Untracked 
|  36|0x0000000084600000, 0x0000000084600000, 0x0000000084700000|  0%| F|  |TAMS 0x0000000084600000, 0x0000000084600000| Untracked 
|  37|0x0000000084700000, 0x0000000084700000, 0x0000000084800000|  0%| F|  |TAMS 0x0000000084700000, 0x0000000084700000| Untracked 
|  38|0x0000000084800000, 0x0000000084800000, 0x0000000084900000|  0%| F|  |TAMS 0x0000000084800000, 0x0000000084800000| Untracked 
|  39|0x0000000084900000, 0x0000000084900000, 0x0000000084a00000|  0%| F|  |TAMS 0x0000000084900000, 0x0000000084900000| Untracked 
|  40|0x0000000084a00000, 0x0000000084a00000, 0x0000000084b00000|  0%| F|  |TAMS 0x0000000084a00000, 0x0000000084a00000| Untracked 
|  41|0x0000000084b00000, 0x0000000084b00000, 0x0000000084c00000|  0%| F|  |TAMS 0x0000000084b00000, 0x0000000084b00000| Untracked 
|  42|0x0000000084c00000, 0x0000000084c00000, 0x0000000084d00000|  0%| F|  |TAMS 0x0000000084c00000, 0x0000000084c00000| Untracked 
|  43|0x0000000084d00000, 0x0000000084d00000, 0x0000000084e00000|  0%| F|  |TAMS 0x0000000084d00000, 0x0000000084d00000| Untracked 
|  44|0x0000000084e00000, 0x0000000084e00000, 0x0000000084f00000|  0%| F|  |TAMS 0x0000000084e00000, 0x0000000084e00000| Untracked 
|  45|0x0000000084f00000, 0x0000000084f00000, 0x0000000085000000|  0%| F|  |TAMS 0x0000000084f00000, 0x0000000084f00000| Untracked 
|  46|0x0000000085000000, 0x0000000085000000, 0x0000000085100000|  0%| F|  |TAMS 0x0000000085000000, 0x0000000085000000| Untracked 
|  47|0x0000000085100000, 0x0000000085100000, 0x0000000085200000|  0%| F|  |TAMS 0x0000000085100000, 0x0000000085100000| Untracked 
|  48|0x0000000085200000, 0x0000000085200000, 0x0000000085300000|  0%| F|  |TAMS 0x0000000085200000, 0x0000000085200000| Untracked 
|  49|0x0000000085300000, 0x0000000085300000, 0x0000000085400000|  0%| F|  |TAMS 0x0000000085300000, 0x0000000085300000| Untracked 
|  50|0x0000000085400000, 0x0000000085400000, 0x0000000085500000|  0%| F|  |TAMS 0x0000000085400000, 0x0000000085400000| Untracked 
|  51|0x0000000085500000, 0x0000000085500000, 0x0000000085600000|  0%| F|  |TAMS 0x0000000085500000, 0x0000000085500000| Untracked 
|  52|0x0000000085600000, 0x0000000085600000, 0x0000000085700000|  0%| F|  |TAMS 0x0000000085600000, 0x0000000085600000| Untracked 
|  53|0x0000000085700000, 0x0000000085700000, 0x0000000085800000|  0%| F|  |TAMS 0x0000000085700000, 0x0000000085700000| Untracked 
|  54|0x0000000085800000, 0x0000000085800000, 0x0000000085900000|  0%| F|  |TAMS 0x0000000085800000, 0x0000000085800000| Untracked 
|  55|0x0000000085900000, 0x0000000085900000, 0x0000000085a00000|  0%| F|  |TAMS 0x0000000085900000, 0x0000000085900000| Untracked 
|  56|0x0000000085a00000, 0x0000000085a00000, 0x0000000085b00000|  0%| F|  |TAMS 0x0000000085a00000, 0x0000000085a00000| Untracked 
|  57|0x0000000085b00000, 0x0000000085b00000, 0x0000000085c00000|  0%| F|  |TAMS 0x0000000085b00000, 0x0000000085b00000| Untracked 
|  58|0x0000000085c00000, 0x0000000085c00000, 0x0000000085d00000|  0%| F|  |TAMS 0x0000000085c00000, 0x0000000085c00000| Untracked 
|  59|0x0000000085d00000, 0x0000000085d00000, 0x0000000085e00000|  0%| F|  |TAMS 0x0000000085d00000, 0x0000000085d00000| Untracked 
|  60|0x0000000085e00000, 0x0000000085e00000, 0x0000000085f00000|  0%| F|  |TAMS 0x0000000085e00000, 0x0000000085e00000| Untracked 
|  61|0x0000000085f00000, 0x0000000085f00000, 0x0000000086000000|  0%| F|  |TAMS 0x0000000085f00000, 0x0000000085f00000| Untracked 
|  62|0x0000000086000000, 0x0000000086000000, 0x0000000086100000|  0%| F|  |TAMS 0x0000000086000000, 0x0000000086000000| Untracked 
|  63|0x0000000086100000, 0x0000000086100000, 0x0000000086200000|  0%| F|  |TAMS 0x0000000086100000, 0x0000000086100000| Untracked 
|  64|0x0000000086200000, 0x0000000086200000, 0x0000000086300000|  0%| F|  |TAMS 0x0000000086200000, 0x0000000086200000| Untracked 
|  65|0x0000000086300000, 0x0000000086300000, 0x0000000086400000|  0%| F|  |TAMS 0x0000000086300000, 0x0000000086300000| Untracked 
|  66|0x0000000086400000, 0x0000000086400000, 0x0000000086500000|  0%| F|  |TAMS 0x0000000086400000, 0x0000000086400000| Untracked 
|  67|0x0000000086500000, 0x0000000086500000, 0x0000000086600000|  0%| F|  |TAMS 0x0000000086500000, 0x0000000086500000| Untracked 
|  68|0x0000000086600000, 0x0000000086600000, 0x0000000086700000|  0%| F|  |TAMS 0x0000000086600000, 0x0000000086600000| Untracked 
|  69|0x0000000086700000, 0x0000000086700000, 0x0000000086800000|  0%| F|  |TAMS 0x0000000086700000, 0x0000000086700000| Untracked 
|  70|0x0000000086800000, 0x0000000086800000, 0x0000000086900000|  0%| F|  |TAMS 0x0000000086800000, 0x0000000086800000| Untracked 
|  71|0x0000000086900000, 0x0000000086900000, 0x0000000086a00000|  0%| F|  |TAMS 0x0000000086900000, 0x0000000086900000| Untracked 
|  72|0x0000000086a00000, 0x0000000086a00000, 0x0000000086b00000|  0%| F|  |TAMS 0x0000000086a00000, 0x0000000086a00000| Untracked 
|  73|0x0000000086b00000, 0x0000000086b00000, 0x0000000086c00000|  0%| F|  |TAMS 0x0000000086b00000, 0x0000000086b00000| Untracked 
|  74|0x0000000086c00000, 0x0000000086c00000, 0x0000000086d00000|  0%| F|  |TAMS 0x0000000086c00000, 0x0000000086c00000| Untracked 
|  75|0x0000000086d00000, 0x0000000086d00000, 0x0000000086e00000|  0%| F|  |TAMS 0x0000000086d00000, 0x0000000086d00000| Untracked 
|  76|0x0000000086e00000, 0x0000000086e00000, 0x0000000086f00000|  0%| F|  |TAMS 0x0000000086e00000, 0x0000000086e00000| Untracked 
|  77|0x0000000086f00000, 0x0000000086f00000, 0x0000000087000000|  0%| F|  |TAMS 0x0000000086f00000, 0x0000000086f00000| Untracked 
|  78|0x0000000087000000, 0x0000000087000000, 0x0000000087100000|  0%| F|  |TAMS 0x0000000087000000, 0x0000000087000000| Untracked 
|  79|0x0000000087100000, 0x0000000087100000, 0x0000000087200000|  0%| F|  |TAMS 0x0000000087100000, 0x0000000087100000| Untracked 
|  80|0x0000000087200000, 0x0000000087200000, 0x0000000087300000|  0%| F|  |TAMS 0x0000000087200000, 0x0000000087200000| Untracked 
|  81|0x0000000087300000, 0x0000000087300000, 0x0000000087400000|  0%| F|  |TAMS 0x0000000087300000, 0x0000000087300000| Untracked 
|  82|0x0000000087400000, 0x0000000087400000, 0x0000000087500000|  0%| F|  |TAMS 0x0000000087400000, 0x0000000087400000| Untracked 
|  83|0x0000000087500000, 0x0000000087500000, 0x0000000087600000|  0%| F|  |TAMS 0x0000000087500000, 0x0000000087500000| Untracked 
|  84|0x0000000087600000, 0x0000000087600000, 0x0000000087700000|  0%| F|  |TAMS 0x0000000087600000, 0x0000000087600000| Untracked 
|  85|0x0000000087700000, 0x0000000087700000, 0x0000000087800000|  0%| F|  |TAMS 0x0000000087700000, 0x0000000087700000| Untracked 
|  86|0x0000000087800000, 0x0000000087800000, 0x0000000087900000|  0%| F|  |TAMS 0x0000000087800000, 0x0000000087800000| Untracked 
|  87|0x0000000087900000, 0x0000000087900000, 0x0000000087a00000|  0%| F|  |TAMS 0x0000000087900000, 0x0000000087900000| Untracked 
|  88|0x0000000087a00000, 0x0000000087a00000, 0x0000000087b00000|  0%| F|  |TAMS 0x0000000087a00000, 0x0000000087a00000| Untracked 
|  89|0x0000000087b00000, 0x0000000087b00000, 0x0000000087c00000|  0%| F|  |TAMS 0x0000000087b00000, 0x0000000087b00000| Untracked 
|  90|0x0000000087c00000, 0x0000000087c00000, 0x0000000087d00000|  0%| F|  |TAMS 0x0000000087c00000, 0x0000000087c00000| Untracked 
|  91|0x0000000087d00000, 0x0000000087d00000, 0x0000000087e00000|  0%| F|  |TAMS 0x0000000087d00000, 0x0000000087d00000| Untracked 
|  92|0x0000000087e00000, 0x0000000087e00000, 0x0000000087f00000|  0%| F|  |TAMS 0x0000000087e00000, 0x0000000087e00000| Untracked 
|  93|0x0000000087f00000, 0x0000000087f00000, 0x0000000088000000|  0%| F|  |TAMS 0x0000000087f00000, 0x0000000087f00000| Untracked 
|  94|0x0000000088000000, 0x0000000088000000, 0x0000000088100000|  0%| F|  |TAMS 0x0000000088000000, 0x0000000088000000| Untracked 
|  95|0x0000000088100000, 0x0000000088100000, 0x0000000088200000|  0%| F|  |TAMS 0x0000000088100000, 0x0000000088100000| Untracked 
|  96|0x0000000088200000, 0x0000000088200000, 0x0000000088300000|  0%| F|  |TAMS 0x0000000088200000, 0x0000000088200000| Untracked 
|  97|0x0000000088300000, 0x0000000088300000, 0x0000000088400000|  0%| F|  |TAMS 0x0000000088300000, 0x0000000088300000| Untracked 
|  98|0x0000000088400000, 0x0000000088400000, 0x0000000088500000|  0%| F|  |TAMS 0x0000000088400000, 0x0000000088400000| Untracked 
|  99|0x0000000088500000, 0x0000000088500000, 0x0000000088600000|  0%| F|  |TAMS 0x0000000088500000, 0x0000000088500000| Untracked 
| 100|0x0000000088600000, 0x0000000088600000, 0x0000000088700000|  0%| F|  |TAMS 0x0000000088600000, 0x0000000088600000| Untracked 
| 101|0x0000000088700000, 0x0000000088700000, 0x0000000088800000|  0%| F|  |TAMS 0x0000000088700000, 0x0000000088700000| Untracked 
| 102|0x0000000088800000, 0x0000000088800000, 0x0000000088900000|  0%| F|  |TAMS 0x0000000088800000, 0x0000000088800000| Untracked 
| 103|0x0000000088900000, 0x0000000088900000, 0x0000000088a00000|  0%| F|  |TAMS 0x0000000088900000, 0x0000000088900000| Untracked 
| 104|0x0000000088a00000, 0x0000000088a00000, 0x0000000088b00000|  0%| F|  |TAMS 0x0000000088a00000, 0x0000000088a00000| Untracked 
| 105|0x0000000088b00000, 0x0000000088b00000, 0x0000000088c00000|  0%| F|  |TAMS 0x0000000088b00000, 0x0000000088b00000| Untracked 
| 106|0x0000000088c00000, 0x0000000088c00000, 0x0000000088d00000|  0%| F|  |TAMS 0x0000000088c00000, 0x0000000088c00000| Untracked 
| 107|0x0000000088d00000, 0x0000000088d00000, 0x0000000088e00000|  0%| F|  |TAMS 0x0000000088d00000, 0x0000000088d00000| Untracked 
| 108|0x0000000088e00000, 0x0000000088e00000, 0x0000000088f00000|  0%| F|  |TAMS 0x0000000088e00000, 0x0000000088e00000| Untracked 
| 109|0x0000000088f00000, 0x0000000088f00000, 0x0000000089000000|  0%| F|  |TAMS 0x0000000088f00000, 0x0000000088f00000| Untracked 
| 110|0x0000000089000000, 0x0000000089000000, 0x0000000089100000|  0%| F|  |TAMS 0x0000000089000000, 0x0000000089000000| Untracked 
| 111|0x0000000089100000, 0x0000000089100000, 0x0000000089200000|  0%| F|  |TAMS 0x0000000089100000, 0x0000000089100000| Untracked 
| 112|0x0000000089200000, 0x0000000089200000, 0x0000000089300000|  0%| F|  |TAMS 0x0000000089200000, 0x0000000089200000| Untracked 
| 113|0x0000000089300000, 0x0000000089300000, 0x0000000089400000|  0%| F|  |TAMS 0x0000000089300000, 0x0000000089300000| Untracked 
| 114|0x0000000089400000, 0x0000000089400000, 0x0000000089500000|  0%| F|  |TAMS 0x0000000089400000, 0x0000000089400000| Untracked 
| 115|0x0000000089500000, 0x0000000089500000, 0x0000000089600000|  0%| F|  |TAMS 0x0000000089500000, 0x0000000089500000| Untracked 
| 116|0x0000000089600000, 0x0000000089600000, 0x0000000089700000|  0%| F|  |TAMS 0x0000000089600000, 0x0000000089600000| Untracked 
| 117|0x0000000089700000, 0x0000000089700000, 0x0000000089800000|  0%| F|  |TAMS 0x0000000089700000, 0x0000000089700000| Untracked 
| 118|0x0000000089800000, 0x0000000089800000, 0x0000000089900000|  0%| F|  |TAMS 0x0000000089800000, 0x0000000089800000| Untracked 
| 119|0x0000000089900000, 0x0000000089900000, 0x0000000089a00000|  0%| F|  |TAMS 0x0000000089900000, 0x0000000089900000| Untracked 
| 120|0x0000000089a00000, 0x0000000089a00000, 0x0000000089b00000|  0%| F|  |TAMS 0x0000000089a00000, 0x0000000089a00000| Untracked 
| 121|0x0000000089b00000, 0x0000000089b00000, 0x0000000089c00000|  0%| F|  |TAMS 0x0000000089b00000, 0x0000000089b00000| Untracked 
| 122|0x0000000089c00000, 0x0000000089c00000, 0x0000000089d00000|  0%| F|  |TAMS 0x0000000089c00000, 0x0000000089c00000| Untracked 
| 123|0x0000000089d00000, 0x0000000089d00000, 0x0000000089e00000|  0%| F|  |TAMS 0x0000000089d00000, 0x0000000089d00000| Untracked 
| 124|0x0000000089e00000, 0x0000000089ed79a0, 0x0000000089f00000| 84%| E|  |TAMS 0x0000000089e00000, 0x0000000089e00000| Complete 
| 125|0x0000000089f00000, 0x000000008a000000, 0x000000008a000000|100%| E|CS|TAMS 0x0000000089f00000, 0x0000000089f00000| Complete 

Card table byte_map: [0x0000025ffa300000,0x0000025ffa6f0000] _byte_map_base: 0x0000025ff9eef000

Marking Bits (Prev, Next): (CMBitMap*) 0x0000025fe744d9d8, (CMBitMap*) 0x0000025fe744da10
 Prev Bits: [0x0000025ffaae0000, 0x0000025ffca58000)
 Next Bits: [0x0000025ffca60000, 0x0000025ffe9d8000)

Polling page: 0x0000025fe5370000

Metaspace:

Usage:
  Non-class:      5.36 MB capacity,     5.31 MB ( 99%) used,    52.67 KB ( <1%) free+waste,     3.13 KB ( <1%) overhead. 
      Class:    537.00 KB capacity,   513.11 KB ( 96%) used,    22.39 KB (  4%) free+waste,     1.50 KB ( <1%) overhead. 
       Both:      5.88 MB capacity,     5.81 MB ( 99%) used,    75.06 KB (  1%) free+waste,     4.63 KB ( <1%) overhead. 

Virtual space:
  Non-class space:        8.00 MB reserved,       5.50 MB ( 69%) committed 
      Class space:        1.00 GB reserved,     640.00 KB ( <1%) committed 
             Both:        1.01 GB reserved,       6.13 MB ( <1%) committed 

Chunk freelists:
   Non-Class:  15.00 KB
       Class:  7.00 KB
        Both:  22.00 KB

MaxMetaspaceSize: 17179869184.00 GB
CompressedClassSpaceSize: 1.00 GB

CodeHeap 'non-profiled nmethods': size=120064Kb used=52Kb max_used=52Kb free=120011Kb
 bounds [0x0000025ff29d0000, 0x0000025ff2c40000, 0x0000025ff9f10000]
CodeHeap 'profiled nmethods': size=120000Kb used=302Kb max_used=302Kb free=119697Kb
 bounds [0x0000025feb4a0000, 0x0000025feb710000, 0x0000025ff29d0000]
CodeHeap 'non-nmethods': size=5696Kb used=1056Kb max_used=1056Kb free=4640Kb
 bounds [0x0000025feaf10000, 0x0000025feb180000, 0x0000025feb4a0000]
 total_blobs=558 nmethods=212 adapters=258
 compilation: enabled
              stopped_count=0, restarted_count=0
 full_count=0

Compilation events (20 events):
Event: 0.193 Thread 0x0000025ffef04000  194       3       sun.invoke.util.VerifyAccess::isTypeVisible (118 bytes)
Event: 0.195 Thread 0x0000025ffef04000 nmethod 194 0x0000025feb4db990 code [0x0000025feb4dbd40, 0x0000025feb4dd828]
Event: 0.195 Thread 0x0000025ffef04000  197       3       java.lang.invoke.LambdaForm$Name::initIndex (26 bytes)
Event: 0.195 Thread 0x0000025ffef04000 nmethod 197 0x0000025feb4de090 code [0x0000025feb4de240, 0x0000025feb4de3d8]
Event: 0.195 Thread 0x0000025ffef04000  191       3       jdk.internal.org.objectweb.asm.ByteVector::putShort (52 bytes)
Event: 0.196 Thread 0x0000025ffef04000 nmethod 191 0x0000025feb4de490 code [0x0000025feb4de660, 0x0000025feb4de868]
Event: 0.196 Thread 0x0000025ffef04000  200       3       java.lang.invoke.MethodType::checkPtypes (61 bytes)
Event: 0.196 Thread 0x0000025ffef04000 nmethod 200 0x0000025feb4de990 code [0x0000025feb4dec20, 0x0000025feb4df5c8]
Event: 0.196 Thread 0x0000025ffef04000  196       3       java.lang.invoke.MemberName::testAllFlags (7 bytes)
Event: 0.196 Thread 0x0000025ffef04000 nmethod 196 0x0000025feb4dfa10 code [0x0000025feb4dfbc0, 0x0000025feb4dfd78]
Event: 0.196 Thread 0x0000025ffef04000  205       3       java.lang.invoke.LambdaForm$Name::useCount (42 bytes)
Event: 0.196 Thread 0x0000025ffef04000 nmethod 205 0x0000025feb4dfe10 code [0x0000025feb4dffe0, 0x0000025feb4e02d8]
Event: 0.196 Thread 0x0000025ffef04000  202       3       java.util.ImmutableCollections$ListN::get (7 bytes)
Event: 0.196 Thread 0x0000025ffef04000 nmethod 202 0x0000025feb4e0410 code [0x0000025feb4e05c0, 0x0000025feb4e06f8]
Event: 0.196 Thread 0x0000025ffef04000  199       3       jdk.internal.org.objectweb.asm.Frame::execute (2264 bytes)
Event: 0.202 Thread 0x0000025ffef04000 nmethod 199 0x0000025feb4e0790 code [0x0000025feb4e1620, 0x0000025feb4e85d8]
Event: 0.202 Thread 0x0000025ffef04000  210       3       java.util.Arrays::equals (57 bytes)
Event: 0.202 Thread 0x0000025ffef04000 nmethod 210 0x0000025feb4ea490 code [0x0000025feb4ea680, 0x0000025feb4eabe8]
Event: 0.202 Thread 0x0000025ffef04000  208       3       java.util.ImmutableCollections$ListN::size (6 bytes)
Event: 0.202 Thread 0x0000025ffef04000 nmethod 208 0x0000025feb4ead90 code [0x0000025feb4eaf40, 0x0000025feb4eb058]

GC Heap History (0 events):
No events

Deoptimization events (4 events):
Event: 0.122 Thread 0x0000025fe740c800 Uncommon trap: trap_request=0xffffff4d fr.pc=0x0000025ff29d3bfc relative=0x00000000000001dc
Event: 0.122 Thread 0x0000025fe740c800 Uncommon trap: reason=unstable_if action=reinterpret pc=0x0000025ff29d3bfc method=java.lang.String.hashCode()I @ 14 c2
Event: 0.122 Thread 0x0000025fe740c800 DEOPT PACKING pc=0x0000025ff29d3bfc sp=0x000000f9e66fda40
Event: 0.122 Thread 0x0000025fe740c800 DEOPT UNPACKING pc=0x0000025feaf3662f sp=0x000000f9e66fd9d8 mode 2

Classes redefined (0 events):
No events

Internal exceptions (0 events):
No events

Events (20 events):
Event: 0.200 loading class java/util/stream/StreamSupport done
Event: 0.200 loading class java/util/stream/ReferencePipeline$Head
Event: 0.200 loading class java/util/stream/ReferencePipeline
Event: 0.200 loading class java/util/stream/Stream
Event: 0.200 loading class java/util/stream/BaseStream
Event: 0.201 loading class java/util/stream/BaseStream done
Event: 0.201 loading class java/util/stream/Stream done
Event: 0.201 loading class java/util/stream/AbstractPipeline
Event: 0.201 loading class java/util/stream/PipelineHelper
Event: 0.201 loading class java/util/stream/PipelineHelper done
Event: 0.201 loading class java/util/stream/AbstractPipeline done
Event: 0.201 loading class java/util/stream/ReferencePipeline done
Event: 0.201 loading class java/util/stream/ReferencePipeline$Head done
Event: 0.201 loading class java/util/stream/StreamOpFlag
Event: 0.201 loading class java/util/stream/StreamOpFlag done
Event: 0.201 loading class java/util/stream/StreamOpFlag$Type
Event: 0.201 loading class java/util/stream/StreamOpFlag$Type done
Event: 0.201 loading class java/util/stream/StreamOpFlag$MaskBuilder
Event: 0.201 loading class java/util/stream/StreamOpFlag$MaskBuilder done
Event: 0.201 loading class java/util/EnumMap


Dynamic libraries:
0x00007ff7bb2b0000 - 0x00007ff7bb2ba000 	C:\Program Files\Android\Android Studio\jre\bin\java.exe
0x00007ffd6cc10000 - 0x00007ffd6ce05000 	C:\WINDOWS\SYSTEM32\ntdll.dll
0x00007ffd6b6e0000 - 0x00007ffd6b79e000 	C:\WINDOWS\System32\KERNEL32.DLL
0x00007ffd6a780000 - 0x00007ffd6aa48000 	C:\WINDOWS\System32\KERNELBASE.dll
0x00007ffd6a360000 - 0x00007ffd6a460000 	C:\WINDOWS\System32\ucrtbase.dll
0x00007ffd577a0000 - 0x00007ffd577b9000 	C:\Program Files\Android\Android Studio\jre\bin\jli.dll
0x00007ffd57920000 - 0x00007ffd57937000 	C:\Program Files\Android\Android Studio\jre\bin\VCRUNTIME140.dll
0x00007ffd6ca30000 - 0x00007ffd6cbd0000 	C:\WINDOWS\System32\USER32.dll
0x00007ffd6a330000 - 0x00007ffd6a352000 	C:\WINDOWS\System32\win32u.dll
0x00007ffd6b8f0000 - 0x00007ffd6b91a000 	C:\WINDOWS\System32\GDI32.dll
0x00007ffd6a540000 - 0x00007ffd6a64b000 	C:\WINDOWS\System32\gdi32full.dll
0x00007ffd6a6e0000 - 0x00007ffd6a77d000 	C:\WINDOWS\System32\msvcp_win.dll
0x00007ffd57180000 - 0x00007ffd5741a000 	C:\WINDOWS\WinSxS\amd64_microsoft.windows.common-controls_6595b64144ccf1df_6.0.19041.1110_none_60b5254171f9507e\COMCTL32.dll
0x00007ffd6b7a0000 - 0x00007ffd6b83e000 	C:\WINDOWS\System32\msvcrt.dll
0x00007ffd6b8c0000 - 0x00007ffd6b8f0000 	C:\WINDOWS\System32\IMM32.DLL
0x00007ffd32150000 - 0x00007ffd321ed000 	C:\Program Files\Android\Android Studio\jre\bin\msvcp140.dll
0x00007ffce82d0000 - 0x00007ffce8da5000 	C:\Program Files\Android\Android Studio\jre\bin\server\jvm.dll
0x00007ffd6bb30000 - 0x00007ffd6bbde000 	C:\WINDOWS\System32\ADVAPI32.dll
0x00007ffd6b500000 - 0x00007ffd6b59c000 	C:\WINDOWS\System32\sechost.dll
0x00007ffd6bc00000 - 0x00007ffd6bd25000 	C:\WINDOWS\System32\RPCRT4.dll
0x00007ffd6bb20000 - 0x00007ffd6bb28000 	C:\WINDOWS\System32\PSAPI.DLL
0x00007ffd55c90000 - 0x00007ffd55c99000 	C:\WINDOWS\SYSTEM32\WSOCK32.dll
0x00007ffd57b50000 - 0x00007ffd57b77000 	C:\WINDOWS\SYSTEM32\WINMM.dll
0x00007ffd6b840000 - 0x00007ffd6b8ab000 	C:\WINDOWS\System32\WS2_32.dll
0x00007ffd55bb0000 - 0x00007ffd55bba000 	C:\WINDOWS\SYSTEM32\VERSION.dll
0x00007ffd68be0000 - 0x00007ffd68bf2000 	C:\WINDOWS\SYSTEM32\kernel.appcore.dll
0x00007ffd63f60000 - 0x00007ffd63f71000 	C:\Program Files\Android\Android Studio\jre\bin\verify.dll
0x00007ffd68100000 - 0x00007ffd682e4000 	C:\WINDOWS\SYSTEM32\DBGHELP.DLL
0x00007ffd524f0000 - 0x00007ffd5251c000 	C:\WINDOWS\SYSTEM32\dbgcore.DLL
0x00007ffd6a650000 - 0x00007ffd6a6d2000 	C:\WINDOWS\System32\bcryptPrimitives.dll
0x00007ffd5beb0000 - 0x00007ffd5bed9000 	C:\Program Files\Android\Android Studio\jre\bin\java.dll
0x00007ffd5ca90000 - 0x00007ffd5ca9b000 	C:\Program Files\Android\Android Studio\jre\bin\jimage.dll
0x00007ffd5b690000 - 0x00007ffd5b6a8000 	C:\Program Files\Android\Android Studio\jre\bin\zip.dll
0x00007ffd6c1d0000 - 0x00007ffd6c914000 	C:\WINDOWS\System32\SHELL32.dll
0x00007ffd68310000 - 0x00007ffd68aa4000 	C:\WINDOWS\SYSTEM32\windows.storage.dll
0x00007ffd6bd30000 - 0x00007ffd6c084000 	C:\WINDOWS\System32\combase.dll
0x00007ffd69cd0000 - 0x00007ffd69cfc000 	C:\WINDOWS\SYSTEM32\Wldp.dll
0x00007ffd6c980000 - 0x00007ffd6ca2d000 	C:\WINDOWS\System32\SHCORE.dll
0x00007ffd6c920000 - 0x00007ffd6c975000 	C:\WINDOWS\System32\shlwapi.dll
0x00007ffd6a270000 - 0x00007ffd6a28f000 	C:\WINDOWS\SYSTEM32\profapi.dll
0x00007ffd5b670000 - 0x00007ffd5b68a000 	C:\Program Files\Android\Android Studio\jre\bin\net.dll
0x00007ffd5ac20000 - 0x00007ffd5ad2a000 	C:\WINDOWS\SYSTEM32\WINHTTP.dll
0x00007ffd69a30000 - 0x00007ffd69a9a000 	C:\WINDOWS\system32\mswsock.dll
0x00007ffd57960000 - 0x00007ffd57974000 	C:\Program Files\Android\Android Studio\jre\bin\nio.dll

dbghelp: loaded successfully - version: 4.0.5 - missing functions: none
symbol engine: initialized successfully - sym options: 0x614 - pdb path: .;C:\Program Files\Android\Android Studio\jre\bin;C:\WINDOWS\SYSTEM32;C:\WINDOWS\WinSxS\amd64_microsoft.windows.common-controls_6595b64144ccf1df_6.0.19041.1110_none_60b5254171f9507e;C:\Program Files\Android\Android Studio\jre\bin\server

VM Arguments:
java_command: org.jetbrains.git4idea.http.GitAskPassApp Username for 'https://github.com': 
java_class_path (initial): C:/Program Files/Android/Android Studio/plugins/git4idea/lib/git4idea-rt.jar;C:/Program Files/Android/Android Studio/lib/xmlrpc-2.0.1.jar;C:/Program Files/Android/Android Studio/lib/commons-codec-1.15.jar
Launcher Type: SUN_STANDARD

[Global flags]
     intx CICompilerCount                          = 3                                         {product} {ergonomic}
     uint ConcGCThreads                            = 1                                         {product} {ergonomic}
     uint G1ConcRefinementThreads                  = 4                                         {product} {ergonomic}
   size_t G1HeapRegionSize                         = 1048576                                   {product} {ergonomic}
    uintx GCDrainStackTargetSize                   = 64                                        {product} {ergonomic}
   size_t InitialHeapSize                          = 132120576                                 {product} {ergonomic}
   size_t MarkStackSize                            = 4194304                                   {product} {ergonomic}
   size_t MaxHeapSize                              = 2111832064                                {product} {ergonomic}
   size_t MaxNewSize                               = 1266679808                                {product} {ergonomic}
   size_t MinHeapDeltaBytes                        = 1048576                                   {product} {ergonomic}
    uintx NonNMethodCodeHeapSize                   = 5830732                                {pd product} {ergonomic}
    uintx NonProfiledCodeHeapSize                  = 122913754                              {pd product} {ergonomic}
    uintx ProfiledCodeHeapSize                     = 122913754                              {pd product} {ergonomic}
    uintx ReservedCodeCacheSize                    = 251658240                              {pd product} {ergonomic}
     bool SegmentedCodeCache                       = true                                      {product} {ergonomic}
     bool UseCompressedClassPointers               = true                                 {lp64_product} {ergonomic}
     bool UseCompressedOops                        = true                                 {lp64_product} {ergonomic}
     bool UseG1GC                                  = true                                      {product} {ergonomic}
     bool UseLargePagesIndividualAllocation        = false                                  {pd product} {ergonomic}

Logging:
Log output configuration:
 #0: stdout all=warning uptime,level,tags
 #1: stderr all=off uptime,level,tags

Environment Variables:
JAVA_HOME=C:\Program Files\Java\jdk1.8.0_301
CLASSPATH=.;JAVA_HOME%lib\tools.jar
PATH=C:\Program Files\Git\mingw64\libexec\git-core;C:\Program Files\Git\mingw64\libexec\git-core;C:\Program Files\Git\mingw64\bin;C:\Program Files\Git\usr\bin;C:\Users\고준환\bin;C:\Program Files (x86)\VMware\VMware Player\bin;C:\Program Files (x86)\Common Files\Oracle\Java\javapath;C:\Program Files (x86)\Intel\iCLS Client;C:\Program Files\Intel\iCLS Client;C:\WINDOWS\system32;C:\WINDOWS;C:\WINDOWS\System32\Wbem;C:\WINDOWS\System32\WindowsPowerShell\v1.0;C:\Program Files (x86)\Intel\Intel(R) Management Engine Components\DAL;C:\Program Files\Intel\Intel(R) Management Engine Components\DAL;C:\Program Files (x86)\Intel\Intel(R) Management Engine Components\IPT;C:\Program Files\Intel\Intel(R) Management Engine Components\IPT;C:\Program Files\Intel\WiFi\bin;C:\Program Files\Common Files\Intel\WirelessCommon;C:\WINDOWS\System32\OpenSSH;C:\Program Files\Git\cmd;C:\Program Files\Java\jdk1.8.0_301\bin;C:\Program Files\PuTTY;C:\Users\고준환\AppData\Local\Programs\Python\Python39\Scripts;C:\Users\고준환\AppData\Local\Programs\Python\Python39;C:\Users\고준환\AppData\Local\Microsoft\WindowsApps;C:\Program Files\Bandizip;C:\Program Files\JetBrains\PyCharm Community Edition 2021.1.1\bin;C:\Program Files\Java\jdk1.8.0_301\bin
USERNAME=고준환
DISPLAY=:0.0
LC_ALL=en_US.UTF-8
OS=Windows_NT
PROCESSOR_IDENTIFIER=Intel64 Family 6 Model 142 Stepping 9, GenuineIntel



---------------  S Y S T E M  ---------------

OS: Windows 10 , 64 bit Build 19041 (10.0.19041.1645)
OS uptime: 6 days 14:04 hours

CPU:total 4 (initial active 4) (2 cores per cpu, 2 threads per core) family 6 model 142 stepping 9 microcode 0xb4, cmov, cx8, fxsr, mmx, sse, sse2, sse3, ssse3, sse4.1, sse4.2, popcnt, avx, avx2, aes, clmul, erms, 3dnowpref, lzcnt, ht, tsc, tscinvbit, bmi1, bmi2, adx, fma

Memory: 4k page, system-wide physical 8051M (1075M free)
TotalPageFile size 12920M (AvailPageFile size 3M)
current process WorkingSet (physical memory assigned to process): 39M, peak: 39M
current process commit charge ("private bytes"): 196M, peak: 196M

vm_info: OpenJDK 64-Bit Server VM (11.0.11+9-b60-7590822) for windows-amd64 JRE (11.0.11+9-b60-7590822), built on Jul 29 2021 21:43:44 by "builder" with MS VC++ 14.0 (VS2015)

END.
